{"C:\\Data\\Code\\Express\\ECommerce-ExpressJs-Solution-main\\Express\\app.js": {"path":"C:\\Data\\Code\\Express\\ECommerce-ExpressJs-Solution-main\\Express\\app.js","statementMap":{"0":{"start":{"line":1,"column":16},"end":{"line":1,"column":34}},"1":{"start":{"line":2,"column":12},"end":{"line":2,"column":21}},"2":{"start":{"line":5,"column":0},"end":{"line":5,"column":24}},"3":{"start":{"line":8,"column":12},"end":{"line":15,"column":1}},"4":{"start":{"line":84,"column":0},"end":{"line":84,"column":21}}},"fnMap":{},"branchMap":{},"s":{"0":1,"1":1,"2":1,"3":1,"4":1},"f":{},"b":{},"_coverageSchema":"1a1c01bbd47fc00a2c39e90264f33305004495a9","hash":"af8fd4c1bd36891669194c64705eb906449bf800"}
}
